Using pre-set license
Built from '2021.3/staging' branch; Version is '2021.3.7f1 (24e8595d6d43) revision 2418777'; Using compiler version '192829333'; Build Type 'Release'
OS: 'Windows 10  (10.0.19044) 64bit Professional' Language: 'ko' Physical Memory: 16322 MB
BatchMode: 1, IsHumanControllingUs: 0, StartBugReporterOnCrash: 0, Is64bit: 1, IsPro: 1

COMMAND LINE ARGUMENTS:
C:\Program Files\Unity\Hub\Editor\2021.3.7f1\Editor\Unity.exe
-adb2
-batchMode
-noUpm
-name
AssetImportWorker0
-projectPath
C:/Users/song/Desktop/QuarterView-3D-Action-BE5/UnityStudy_QuarterView 3D Action BE5
-logFile
Logs/AssetImportWorker0.log
-srvPort
52760
Successfully changed project path to: C:/Users/song/Desktop/QuarterView-3D-Action-BE5/UnityStudy_QuarterView 3D Action BE5
C:/Users/song/Desktop/QuarterView-3D-Action-BE5/UnityStudy_QuarterView 3D Action BE5
[UnityMemory] Configuration Parameters - Can be set up in boot.config
    "memorysetup-bucket-allocator-granularity=16"
    "memorysetup-bucket-allocator-bucket-count=8"
    "memorysetup-bucket-allocator-block-size=33554432"
    "memorysetup-bucket-allocator-block-count=8"
    "memorysetup-main-allocator-block-size=16777216"
    "memorysetup-thread-allocator-block-size=16777216"
    "memorysetup-gfx-main-allocator-block-size=16777216"
    "memorysetup-gfx-thread-allocator-block-size=16777216"
    "memorysetup-cache-allocator-block-size=4194304"
    "memorysetup-typetree-allocator-block-size=2097152"
    "memorysetup-profiler-bucket-allocator-granularity=16"
    "memorysetup-profiler-bucket-allocator-bucket-count=8"
    "memorysetup-profiler-bucket-allocator-block-size=33554432"
    "memorysetup-profiler-bucket-allocator-block-count=8"
    "memorysetup-profiler-allocator-block-size=16777216"
    "memorysetup-profiler-editor-allocator-block-size=1048576"
    "memorysetup-temp-allocator-size-main=16777216"
    "memorysetup-job-temp-allocator-block-size=2097152"
    "memorysetup-job-temp-allocator-block-size-background=1048576"
    "memorysetup-job-temp-allocator-reduction-small-platforms=262144"
    "memorysetup-temp-allocator-size-background-worker=32768"
    "memorysetup-temp-allocator-size-job-worker=262144"
    "memorysetup-temp-allocator-size-preload-manager=33554432"
    "memorysetup-temp-allocator-size-nav-mesh-worker=65536"
    "memorysetup-temp-allocator-size-audio-worker=65536"
    "memorysetup-temp-allocator-size-cloud-worker=32768"
    "memorysetup-temp-allocator-size-gi-baking-worker=262144"
    "memorysetup-temp-allocator-size-gfx=262144"
Refreshing native plugins compatible for Editor in 29.66 ms, found 2 plugins.
Preloading 0 native plugins for Editor in 0.00 ms.
Initialize engine version: 2021.3.7f1 (24e8595d6d43)
[Subsystems] Discovering subsystems at path C:/Program Files/Unity/Hub/Editor/2021.3.7f1/Editor/Data/Resources/UnitySubsystems
[Subsystems] Discovering subsystems at path C:/Users/song/Desktop/QuarterView-3D-Action-BE5/UnityStudy_QuarterView 3D Action BE5/Assets
GfxDevice: creating device client; threaded=0; jobified=0
Direct3D:
    Version:  Direct3D 11.0 [level 11.1]
    Renderer: NVIDIA GeForce RTX 3060 Ti (ID=0x2486)
    Vendor:   NVIDIA
    VRAM:     8050 MB
    Driver:   31.0.15.1659
Initialize mono
Mono path[0] = 'C:/Program Files/Unity/Hub/Editor/2021.3.7f1/Editor/Data/Managed'
Mono path[1] = 'C:/Program Files/Unity/Hub/Editor/2021.3.7f1/Editor/Data/MonoBleedingEdge/lib/mono/unityjit-win32'
Mono config path = 'C:/Program Files/Unity/Hub/Editor/2021.3.7f1/Editor/Data/MonoBleedingEdge/etc'
Using monoOptions --debugger-agent=transport=dt_socket,embedding=1,server=y,suspend=n,address=127.0.0.1:56628
Begin MonoManager ReloadAssembly
Registering precompiled unity dll's ...
Register platform support module: C:/Program Files/Unity/Hub/Editor/2021.3.7f1/Editor/Data/PlaybackEngines/AndroidPlayer/UnityEditor.Android.Extensions.dll
Register platform support module: C:/Program Files/Unity/Hub/Editor/2021.3.7f1/Editor/Data/PlaybackEngines/WindowsStandaloneSupport/UnityEditor.WindowsStandalone.Extensions.dll
Registered in 0.006311 seconds.
Native extension for WindowsStandalone target not found
Native extension for Android target not found
Refreshing native plugins compatible for Editor in 28.55 ms, found 2 plugins.
Preloading 0 native plugins for Editor in 0.00 ms.
Mono: successfully reloaded assembly
- Completed reload, in  0.570 seconds
Domain Reload Profiling:
	ReloadAssembly (570ms)
		BeginReloadAssembly (64ms)
			ExecutionOrderSort (0ms)
			DisableScriptedObjects (0ms)
			BackupInstance (0ms)
			ReleaseScriptingObjects (0ms)
			CreateAndSetChildDomain (1ms)
		EndReloadAssembly (398ms)
			LoadAssemblies (62ms)
			RebuildTransferFunctionScriptingTraits (0ms)
			SetupTypeCache (107ms)
			ReleaseScriptCaches (0ms)
			RebuildScriptCaches (26ms)
			SetupLoadedEditorAssemblies (218ms)
				LogAssemblyErrors (0ms)
				InitializePlatformSupportModulesInManaged (57ms)
				SetLoadedEditorAssemblies (0ms)
				RefreshPlugins (29ms)
				BeforeProcessingInitializeOnLoad (1ms)
				ProcessInitializeOnLoadAttributes (91ms)
				ProcessInitializeOnLoadMethodAttributes (40ms)
				AfterProcessingInitializeOnLoad (0ms)
				EditorAssembliesLoaded (0ms)
			ExecutionOrderSort2 (0ms)
			AwakeInstancesAfterBackupRestoration (0ms)
Platform modules already initialized, skipping
Registering precompiled user dll's ...
Registered in 0.002831 seconds.
Begin MonoManager ReloadAssembly
Native extension for WindowsStandalone target not found
Native extension for Android target not found
Refreshing native plugins compatible for Editor in 0.35 ms, found 2 plugins.
Preloading 0 native plugins for Editor in 0.00 ms.
Mono: successfully reloaded assembly
- Completed reload, in  0.941 seconds
Domain Reload Profiling:
	ReloadAssembly (942ms)
		BeginReloadAssembly (208ms)
			ExecutionOrderSort (0ms)
			DisableScriptedObjects (6ms)
			BackupInstance (0ms)
			ReleaseScriptingObjects (0ms)
			CreateAndSetChildDomain (123ms)
		EndReloadAssembly (608ms)
			LoadAssemblies (65ms)
			RebuildTransferFunctionScriptingTraits (0ms)
			SetupTypeCache (184ms)
			ReleaseScriptCaches (0ms)
			RebuildScriptCaches (44ms)
			SetupLoadedEditorAssemblies (280ms)
				LogAssemblyErrors (0ms)
				InitializePlatformSupportModulesInManaged (14ms)
				SetLoadedEditorAssemblies (0ms)
				RefreshPlugins (0ms)
				BeforeProcessingInitializeOnLoad (50ms)
				ProcessInitializeOnLoadAttributes (182ms)
				ProcessInitializeOnLoadMethodAttributes (26ms)
				AfterProcessingInitializeOnLoad (7ms)
				EditorAssembliesLoaded (0ms)
			ExecutionOrderSort2 (0ms)
			AwakeInstancesAfterBackupRestoration (5ms)
Platform modules already initialized, skipping
========================================================================
Worker process is ready to serve import requests
Launched and connected shader compiler UnityShaderCompiler.exe after 0.03 seconds
Refreshing native plugins compatible for Editor in 0.34 ms, found 2 plugins.
Preloading 0 native plugins for Editor in 0.00 ms.
Unloading 1736 Unused Serialized files (Serialized files now loaded: 0)
Unloading 18 unused Assets / (30.2 KB). Loaded Objects now: 2231.
Memory consumption went from 94.0 MB to 94.0 MB.
Total: 2.295100 ms (FindLiveObjects: 0.147000 ms CreateObjectMapping: 0.082200 ms MarkObjects: 2.046600 ms  DeleteObjects: 0.018500 ms)

AssetImportParameters requested are different than current active one (requested -> active):
  custom:video-decoder-ogg-theora: a1e56fd34408186e4bbccfd4996cb3dc -> 
  custom:container-muxer-webm: aa71ff27fc2769a1b78a27578f13a17b -> 
  custom:container-demuxer-webm: 4f35f7cbe854078d1ac9338744f61a02 -> 
  custom:video-encoder-webm-vp8: eb34c28f22e8b96e1ab97ce403110664 -> 
  custom:audio-encoder-webm-vorbis: bf7c407c2cedff20999df2af8eb42d56 -> 
  custom:framework-win-MediaFoundation: 216162199b28c13a410421893ffa2e32 -> 
  custom:container-demuxer-ogg: 62fdf1f143b41e24485cea50d1cbac27 -> 
  custom:video-decoder-webm-vp8: 9c59270c3fd7afecdb556c50c9e8de78 -> 
  custom:audio-decoder-ogg-vorbis: bf7c407c2cedff20999df2af8eb42d56 -> 
========================================================================
Received Import Request.
  Time since last request: 432066.455667 seconds.
  path: Assets/QuarterView 3D Action BE5
  artifactKey: Guid(3b2fc2c48c832e643beb0348befa6c50) Importer(815301076,1909f56bfc062723c751e8b465ee728b)
Start importing Assets/QuarterView 3D Action BE5 using Guid(3b2fc2c48c832e643beb0348befa6c50) Importer(815301076,1909f56bfc062723c751e8b465ee728b)  -> (artifact id: '2c9f65db7144ce73879f64d820cf1188') in 0.007337 seconds 
========================================================================
Received Import Request.
  Time since last request: 0.482517 seconds.
  path: Assets/QuarterView 3D Action BE5/Demo
  artifactKey: Guid(c8491e704a9f14143aa28c65149f3d1a) Importer(815301076,1909f56bfc062723c751e8b465ee728b)
Start importing Assets/QuarterView 3D Action BE5/Demo using Guid(c8491e704a9f14143aa28c65149f3d1a) Importer(815301076,1909f56bfc062723c751e8b465ee728b)  -> (artifact id: '285301295b7f5d3f5200d7a7fa745a3d') in 0.005226 seconds 
========================================================================
Received Import Request.
  Time since last request: 0.194039 seconds.
  path: Assets/QuarterView 3D Action BE5/Prefabs
  artifactKey: Guid(db54c75065f5cc541a31547319f3e0e5) Importer(815301076,1909f56bfc062723c751e8b465ee728b)
Start importing Assets/QuarterView 3D Action BE5/Prefabs using Guid(db54c75065f5cc541a31547319f3e0e5) Importer(815301076,1909f56bfc062723c751e8b465ee728b)  -> (artifact id: 'c02cd15fbecc5d19c09da7066ae701b0') in 0.005131 seconds 
========================================================================
Received Import Request.
  Time since last request: 0.584848 seconds.
  path: Assets/QuarterView 3D Action BE5/Demo/Demo
  artifactKey: Guid(335280137d693bd498c9f8f6c35c2c4b) Importer(815301076,1909f56bfc062723c751e8b465ee728b)
Start importing Assets/QuarterView 3D Action BE5/Demo/Demo using Guid(335280137d693bd498c9f8f6c35c2c4b) Importer(815301076,1909f56bfc062723c751e8b465ee728b)  -> (artifact id: '2aec6aba4ddbb630eadde138684c15b5') in 0.001682 seconds 
========================================================================
Received Import Request.
  Time since last request: 1.862252 seconds.
  path: Assets/QuarterView 3D Action BE5/ReadMe
  artifactKey: Guid(25bc59e5b93ec4e448f65695dbfc31fc) Importer(815301076,1909f56bfc062723c751e8b465ee728b)
Start importing Assets/QuarterView 3D Action BE5/ReadMe using Guid(25bc59e5b93ec4e448f65695dbfc31fc) Importer(815301076,1909f56bfc062723c751e8b465ee728b)  -> (artifact id: '2d32e8821433af3117f9acceccd2b09b') in 0.006150 seconds 
========================================================================
Received Prepare
Registering precompiled user dll's ...
Registered in 0.003282 seconds.
Begin MonoManager ReloadAssembly
Native extension for WindowsStandalone target not found
Native extension for Android target not found
Refreshing native plugins compatible for Editor in 0.38 ms, found 2 plugins.
Preloading 0 native plugins for Editor in 0.00 ms.
Mono: successfully reloaded assembly
- Completed reload, in  0.848 seconds
Domain Reload Profiling:
	ReloadAssembly (848ms)
		BeginReloadAssembly (121ms)
			ExecutionOrderSort (0ms)
			DisableScriptedObjects (5ms)
			BackupInstance (0ms)
			ReleaseScriptingObjects (0ms)
			CreateAndSetChildDomain (29ms)
		EndReloadAssembly (625ms)
			LoadAssemblies (71ms)
			RebuildTransferFunctionScriptingTraits (0ms)
			SetupTypeCache (185ms)
			ReleaseScriptCaches (1ms)
			RebuildScriptCaches (42ms)
			SetupLoadedEditorAssemblies (294ms)
				LogAssemblyErrors (0ms)
				InitializePlatformSupportModulesInManaged (26ms)
				SetLoadedEditorAssemblies (0ms)
				RefreshPlugins (0ms)
				BeforeProcessingInitializeOnLoad (59ms)
				ProcessInitializeOnLoadAttributes (167ms)
				ProcessInitializeOnLoadMethodAttributes (34ms)
				AfterProcessingInitializeOnLoad (7ms)
				EditorAssembliesLoaded (0ms)
			ExecutionOrderSort2 (0ms)
			AwakeInstancesAfterBackupRestoration (7ms)
Platform modules already initialized, skipping
Refreshing native plugins compatible for Editor in 1.26 ms, found 2 plugins.
Preloading 0 native plugins for Editor in 0.00 ms.
Unloading 1729 Unused Serialized files (Serialized files now loaded: 0)
Unloading 12 unused Assets / (31.7 KB). Loaded Objects now: 2234.
Memory consumption went from 93.9 MB to 93.8 MB.
Total: 3.384100 ms (FindLiveObjects: 0.152100 ms CreateObjectMapping: 0.105700 ms MarkObjects: 3.101500 ms  DeleteObjects: 0.023900 ms)

AssetImportParameters requested are different than current active one (requested -> active):
  custom:video-decoder-ogg-theora: a1e56fd34408186e4bbccfd4996cb3dc -> 
  custom:container-muxer-webm: aa71ff27fc2769a1b78a27578f13a17b -> 
  custom:container-demuxer-webm: 4f35f7cbe854078d1ac9338744f61a02 -> 
  custom:video-encoder-webm-vp8: eb34c28f22e8b96e1ab97ce403110664 -> 
  custom:audio-encoder-webm-vorbis: bf7c407c2cedff20999df2af8eb42d56 -> 
  custom:framework-win-MediaFoundation: 216162199b28c13a410421893ffa2e32 -> 
  custom:container-demuxer-ogg: 62fdf1f143b41e24485cea50d1cbac27 -> 
  custom:video-decoder-webm-vp8: 9c59270c3fd7afecdb556c50c9e8de78 -> 
  custom:audio-decoder-ogg-vorbis: bf7c407c2cedff20999df2af8eb42d56 -> 
========================================================================
Received Import Request.
  Time since last request: 8.547935 seconds.
  path: Assets/07.Animations
  artifactKey: Guid(c0605d4cb35789d4aa45ad717852156a) Importer(815301076,1909f56bfc062723c751e8b465ee728b)
Start importing Assets/07.Animations using Guid(c0605d4cb35789d4aa45ad717852156a) Importer(815301076,1909f56bfc062723c751e8b465ee728b)  -> (artifact id: '7982424875ff1fe36b9b40437a2aa572') in 0.007426 seconds 
========================================================================
Received Import Request.
  Time since last request: 1.536183 seconds.
  path: Assets/06.Fonts
  artifactKey: Guid(9de2187f8a8c8cf41b67ff093ef8d8f5) Importer(815301076,1909f56bfc062723c751e8b465ee728b)
Start importing Assets/06.Fonts using Guid(9de2187f8a8c8cf41b67ff093ef8d8f5) Importer(815301076,1909f56bfc062723c751e8b465ee728b)  -> (artifact id: 'd1968587f099c6174ccb35a9c006dfdb') in 0.005754 seconds 
========================================================================
Received Import Request.
  Time since last request: 1.423614 seconds.
  path: Assets/03.Prefabs
  artifactKey: Guid(987b9dd6436462c43898013e5d26101f) Importer(815301076,1909f56bfc062723c751e8b465ee728b)
Start importing Assets/03.Prefabs using Guid(987b9dd6436462c43898013e5d26101f) Importer(815301076,1909f56bfc062723c751e8b465ee728b)  -> (artifact id: '44bbdb752073bd0c2b7e1b1d6f1c1c67') in 0.005457 seconds 
========================================================================
Received Import Request.
  Time since last request: 0.432866 seconds.
  path: Assets/03.Prefabs/Bullets
  artifactKey: Guid(9bb940beb6141484a99df70fa2eea4c9) Importer(815301076,1909f56bfc062723c751e8b465ee728b)
Start importing Assets/03.Prefabs/Bullets using Guid(9bb940beb6141484a99df70fa2eea4c9) Importer(815301076,1909f56bfc062723c751e8b465ee728b)  -> (artifact id: '08e3921bd60846f2e5cbc38bf3a7804f') in 0.005388 seconds 
========================================================================
Received Import Request.
  Time since last request: 0.753156 seconds.
  path: Assets/03.Prefabs/Enemies
  artifactKey: Guid(959224c4a35d3244791331a269192c9e) Importer(815301076,1909f56bfc062723c751e8b465ee728b)
Start importing Assets/03.Prefabs/Enemies using Guid(959224c4a35d3244791331a269192c9e) Importer(815301076,1909f56bfc062723c751e8b465ee728b)  -> (artifact id: '99f09bccb055a00762f2fed19cc943e6') in 0.005555 seconds 
========================================================================
Received Import Request.
  Time since last request: 2.390417 seconds.
  path: Assets/02.Scripts
  artifactKey: Guid(9a2419ec2269b01479cd53d31f2a69d7) Importer(815301076,1909f56bfc062723c751e8b465ee728b)
Start importing Assets/02.Scripts using Guid(9a2419ec2269b01479cd53d31f2a69d7) Importer(815301076,1909f56bfc062723c751e8b465ee728b)  -> (artifact id: '7da5acfb8b4276c826e0338251c7b59b') in 0.005626 seconds 
========================================================================
Received Import Request.
  Time since last request: 21.951031 seconds.
  path: Assets/02.Scripts/Boss.cs
  artifactKey: Guid(943c31b4a1cb15f44abb5f9a961528d8) Importer(815301076,1909f56bfc062723c751e8b465ee728b)
Start importing Assets/02.Scripts/Boss.cs using Guid(943c31b4a1cb15f44abb5f9a961528d8) Importer(815301076,1909f56bfc062723c751e8b465ee728b)  -> (artifact id: '1df357293ee93312cebe0392a0afcf8d') in 0.015411 seconds 
========================================================================
Received Import Request.
  Time since last request: 0.193286 seconds.
  path: Assets/02.Scripts/BossMissile.cs
  artifactKey: Guid(1d603e9116a0d184ba6d1c010d2b7bee) Importer(815301076,1909f56bfc062723c751e8b465ee728b)
Start importing Assets/02.Scripts/BossMissile.cs using Guid(1d603e9116a0d184ba6d1c010d2b7bee) Importer(815301076,1909f56bfc062723c751e8b465ee728b)  -> (artifact id: '6f4d783df5f40346740a9753b9b412a6') in 0.005150 seconds 
========================================================================
Received Import Request.
  Time since last request: 0.315255 seconds.
  path: Assets/02.Scripts/BossRock.cs
  artifactKey: Guid(38cd690df1bf8ee489dd9c6ec727f174) Importer(815301076,1909f56bfc062723c751e8b465ee728b)
Start importing Assets/02.Scripts/BossRock.cs using Guid(38cd690df1bf8ee489dd9c6ec727f174) Importer(815301076,1909f56bfc062723c751e8b465ee728b)  -> (artifact id: 'b77956289ca08af7925343a0e2bbeda2') in 0.005804 seconds 
========================================================================
Received Import Request.
  Time since last request: 0.197106 seconds.
  path: Assets/02.Scripts/Bullet.cs
  artifactKey: Guid(1fbb34b03caadaa4cacfe35d81e4d1eb) Importer(815301076,1909f56bfc062723c751e8b465ee728b)
Start importing Assets/02.Scripts/Bullet.cs using Guid(1fbb34b03caadaa4cacfe35d81e4d1eb) Importer(815301076,1909f56bfc062723c751e8b465ee728b)  -> (artifact id: '39ef5064070e363cc1267d4031a1c353') in 0.005169 seconds 
========================================================================
Received Import Request.
  Time since last request: 0.193957 seconds.
  path: Assets/02.Scripts/Enemy.cs
  artifactKey: Guid(67b2f714fda9e8e488ba8592d0045c29) Importer(815301076,1909f56bfc062723c751e8b465ee728b)
Start importing Assets/02.Scripts/Enemy.cs using Guid(67b2f714fda9e8e488ba8592d0045c29) Importer(815301076,1909f56bfc062723c751e8b465ee728b)  -> (artifact id: 'bd8cc64487a7068e0bf07ed3921aa678') in 0.005024 seconds 
========================================================================
Received Import Request.
  Time since last request: 0.167207 seconds.
  path: Assets/02.Scripts/Follow.cs
  artifactKey: Guid(abca9766f3a92fd4fa143d63cc427bad) Importer(815301076,1909f56bfc062723c751e8b465ee728b)
Start importing Assets/02.Scripts/Follow.cs using Guid(abca9766f3a92fd4fa143d63cc427bad) Importer(815301076,1909f56bfc062723c751e8b465ee728b)  -> (artifact id: '26c759052587a2dc3928feddff88ab73') in 0.005287 seconds 
========================================================================
Received Import Request.
  Time since last request: 0.375082 seconds.
  path: Assets/02.Scripts/GameManager.cs
  artifactKey: Guid(31437bf3aef56854d9f45eba81e85ab7) Importer(815301076,1909f56bfc062723c751e8b465ee728b)
Start importing Assets/02.Scripts/GameManager.cs using Guid(31437bf3aef56854d9f45eba81e85ab7) Importer(815301076,1909f56bfc062723c751e8b465ee728b)  -> (artifact id: '513c2c337391fb571e074c9d59682502') in 0.005022 seconds 
========================================================================
Received Import Request.
  Time since last request: 59.868295 seconds.
  path: Assets/02.Scripts/Weapon.cs
  artifactKey: Guid(37cc6406c5f0cd145bb85b2fd0653901) Importer(815301076,1909f56bfc062723c751e8b465ee728b)
Start importing Assets/02.Scripts/Weapon.cs using Guid(37cc6406c5f0cd145bb85b2fd0653901) Importer(815301076,1909f56bfc062723c751e8b465ee728b)  -> (artifact id: 'eddee5dc32cba8b617a6bd083390ba4b') in 0.005426 seconds 
========================================================================
Received Import Request.
  Time since last request: 0.265856 seconds.
  path: Assets/04.Images
  artifactKey: Guid(ae13db628828c354ebb4ebff772c1747) Importer(815301076,1909f56bfc062723c751e8b465ee728b)
Start importing Assets/04.Images using Guid(ae13db628828c354ebb4ebff772c1747) Importer(815301076,1909f56bfc062723c751e8b465ee728b)  -> (artifact id: '4ea07c1c19f753e7422c8bacefd896ce') in 0.005378 seconds 
========================================================================
Received Import Request.
  Time since last request: 2.524361 seconds.
  path: Assets/05.Models
  artifactKey: Guid(9b263a1e952924b4ab1b4f47b629933e) Importer(815301076,1909f56bfc062723c751e8b465ee728b)
Start importing Assets/05.Models using Guid(9b263a1e952924b4ab1b4f47b629933e) Importer(815301076,1909f56bfc062723c751e8b465ee728b)  -> (artifact id: '630d92c493a1438226ef5a9313710e27') in 0.005362 seconds 
========================================================================
Received Import Request.
  Time since last request: 2.838783 seconds.
  path: Assets/01.Scenes
  artifactKey: Guid(89fcde7b35ef80c43b33ba7ae08e49d0) Importer(815301076,1909f56bfc062723c751e8b465ee728b)
Start importing Assets/01.Scenes using Guid(89fcde7b35ef80c43b33ba7ae08e49d0) Importer(815301076,1909f56bfc062723c751e8b465ee728b)  -> (artifact id: '4d382060592267f237b418ff0e432093') in 0.007052 seconds 
========================================================================
Received Import Request.
  Time since last request: 0.520798 seconds.
  path: Assets/01.Scenes/GameScene
  artifactKey: Guid(67982d2f7b441a64d8bdc09b1832340e) Importer(815301076,1909f56bfc062723c751e8b465ee728b)
Start importing Assets/01.Scenes/GameScene using Guid(67982d2f7b441a64d8bdc09b1832340e) Importer(815301076,1909f56bfc062723c751e8b465ee728b)  -> (artifact id: 'ec5029c24b285797b5929e452a88460f') in 0.006733 seconds 
========================================================================
Received Import Request.
  Time since last request: 0.446493 seconds.
  path: Assets/01.Scenes/GameScene/NavMesh.asset
  artifactKey: Guid(6baf2decdac87044691a4e71440ca8b4) Importer(815301076,1909f56bfc062723c751e8b465ee728b)
Start importing Assets/01.Scenes/GameScene/NavMesh.asset using Guid(6baf2decdac87044691a4e71440ca8b4) Importer(815301076,1909f56bfc062723c751e8b465ee728b)  -> (artifact id: 'ba169c3b862a61379fc4d29dedfcf866') in 0.018479 seconds 
========================================================================
Received Import Request.
  Time since last request: 0.209314 seconds.
  path: Assets/01.Scenes/GameScene.unity
  artifactKey: Guid(9fc0d4010bbf28b4594072e72b8655ab) Importer(815301076,1909f56bfc062723c751e8b465ee728b)
Start importing Assets/01.Scenes/GameScene.unity using Guid(9fc0d4010bbf28b4594072e72b8655ab) Importer(815301076,1909f56bfc062723c751e8b465ee728b)  -> (artifact id: 'd591ceeb30cc9288db532d22a23b389d') in 0.005489 seconds 
========================================================================
Received Import Request.
  Time since last request: 6.680133 seconds.
  path: Assets/04.Images/App Icon.png
  artifactKey: Guid(8daddb70a45a9d745bd298fad8593ea3) Importer(815301076,1909f56bfc062723c751e8b465ee728b)
Start importing Assets/04.Images/App Icon.png using Guid(8daddb70a45a9d745bd298fad8593ea3) Importer(815301076,1909f56bfc062723c751e8b465ee728b)  -> (artifact id: 'e4513066f7996e3285716960f3c0fb2a') in 0.101388 seconds 
========================================================================
Received Import Request.
  Time since last request: 0.088123 seconds.
  path: Assets/04.Images/Textures
  artifactKey: Guid(86d3d6db9a1e9364482eee52eccbecf4) Importer(815301076,1909f56bfc062723c751e8b465ee728b)
Start importing Assets/04.Images/Textures using Guid(86d3d6db9a1e9364482eee52eccbecf4) Importer(815301076,1909f56bfc062723c751e8b465ee728b)  -> (artifact id: 'fc55567d685f51ffffd6164e776ea372') in 0.005872 seconds 
========================================================================
Received Import Request.
  Time since last request: 0.201163 seconds.
  path: Assets/04.Images/Sprites
  artifactKey: Guid(4820db95934794748b4df86637fcb32d) Importer(815301076,1909f56bfc062723c751e8b465ee728b)
Start importing Assets/04.Images/Sprites using Guid(4820db95934794748b4df86637fcb32d) Importer(815301076,1909f56bfc062723c751e8b465ee728b)  -> (artifact id: 'f6f4679025d4b580074d6d1a2adb4352') in 0.005495 seconds 
========================================================================
Received Import Request.
  Time since last request: 0.515652 seconds.
  path: Assets/04.Images/Particles
  artifactKey: Guid(7185ba7670299ba4780cc36b250e76cb) Importer(815301076,1909f56bfc062723c751e8b465ee728b)
Start importing Assets/04.Images/Particles using Guid(7185ba7670299ba4780cc36b250e76cb) Importer(815301076,1909f56bfc062723c751e8b465ee728b)  -> (artifact id: '9dd239b239ed6d67400f5d282d81d8ca') in 0.005661 seconds 
========================================================================
Received Import Request.
  Time since last request: 0.181285 seconds.
  path: Assets/04.Images/Materials
  artifactKey: Guid(4aa88a3664a974c4d894f6597f6d81ed) Importer(815301076,1909f56bfc062723c751e8b465ee728b)
Start importing Assets/04.Images/Materials using Guid(4aa88a3664a974c4d894f6597f6d81ed) Importer(815301076,1909f56bfc062723c751e8b465ee728b)  -> (artifact id: '3f831bba0c455aa31792710e896a1771') in 0.006039 seconds 
========================================================================
Received Import Request.
  Time since last request: 196.268602 seconds.
  path: Assets/02.Scripts/Missile.cs
  artifactKey: Guid(e3c0e0a4771bd7e4cb7c2e3a517ecfaf) Importer(815301076,1909f56bfc062723c751e8b465ee728b)
Start importing Assets/02.Scripts/Missile.cs using Guid(e3c0e0a4771bd7e4cb7c2e3a517ecfaf) Importer(815301076,1909f56bfc062723c751e8b465ee728b)  -> (artifact id: '4ad18a1ab4dc07c460133ca0ffd72ea2') in 0.006479 seconds 
========================================================================
Received Import Request.
  Time since last request: 0.284596 seconds.
  path: Assets/02.Scripts/Player.cs
  artifactKey: Guid(a38e42c546db6884a90cd9c79b5e0e4a) Importer(815301076,1909f56bfc062723c751e8b465ee728b)
Start importing Assets/02.Scripts/Player.cs using Guid(a38e42c546db6884a90cd9c79b5e0e4a) Importer(815301076,1909f56bfc062723c751e8b465ee728b)  -> (artifact id: '73a9d7a9b49642d56f2607ec5d45d866') in 0.005297 seconds 
========================================================================
Received Import Request.
  Time since last request: 38.596615 seconds.
  path: Assets/02.Scripts/Player.cs
  artifactKey: Guid(a38e42c546db6884a90cd9c79b5e0e4a) Importer(815301076,1909f56bfc062723c751e8b465ee728b)
Start importing Assets/02.Scripts/Player.cs using Guid(a38e42c546db6884a90cd9c79b5e0e4a) Importer(815301076,1909f56bfc062723c751e8b465ee728b)  -> (artifact id: 'ee3bfddb48f20be3ec1fa5d1fa6bf13a') in 0.002055 seconds 
========================================================================
Received Prepare
Registering precompiled user dll's ...
Registered in 0.003926 seconds.
Begin MonoManager ReloadAssembly
Native extension for WindowsStandalone target not found
Native extension for Android target not found
Refreshing native plugins compatible for Editor in 0.42 ms, found 2 plugins.
Preloading 0 native plugins for Editor in 0.00 ms.
Mono: successfully reloaded assembly
- Completed reload, in  0.850 seconds
Domain Reload Profiling:
	ReloadAssembly (851ms)
		BeginReloadAssembly (118ms)
			ExecutionOrderSort (0ms)
			DisableScriptedObjects (7ms)
			BackupInstance (0ms)
			ReleaseScriptingObjects (0ms)
			CreateAndSetChildDomain (30ms)
		EndReloadAssembly (637ms)
			LoadAssemblies (70ms)
			RebuildTransferFunctionScriptingTraits (0ms)
			SetupTypeCache (180ms)
			ReleaseScriptCaches (1ms)
			RebuildScriptCaches (48ms)
			SetupLoadedEditorAssemblies (301ms)
				LogAssemblyErrors (0ms)
				InitializePlatformSupportModulesInManaged (24ms)
				SetLoadedEditorAssemblies (0ms)
				RefreshPlugins (1ms)
				BeforeProcessingInitializeOnLoad (59ms)
				ProcessInitializeOnLoadAttributes (184ms)
				ProcessInitializeOnLoadMethodAttributes (26ms)
				AfterProcessingInitializeOnLoad (6ms)
				EditorAssembliesLoaded (0ms)
			ExecutionOrderSort2 (0ms)
			AwakeInstancesAfterBackupRestoration (5ms)
Platform modules already initialized, skipping
Refreshing native plugins compatible for Editor in 1.07 ms, found 2 plugins.
Preloading 0 native plugins for Editor in 0.00 ms.
Unloading 1729 Unused Serialized files (Serialized files now loaded: 0)
Unloading 12 unused Assets / (31.8 KB). Loaded Objects now: 2243.
Memory consumption went from 97.8 MB to 97.8 MB.
Total: 2.032700 ms (FindLiveObjects: 0.129200 ms CreateObjectMapping: 0.054900 ms MarkObjects: 1.832300 ms  DeleteObjects: 0.015500 ms)

AssetImportParameters requested are different than current active one (requested -> active):
  custom:video-decoder-ogg-theora: a1e56fd34408186e4bbccfd4996cb3dc -> 
  custom:container-muxer-webm: aa71ff27fc2769a1b78a27578f13a17b -> 
  custom:container-demuxer-webm: 4f35f7cbe854078d1ac9338744f61a02 -> 
  custom:video-encoder-webm-vp8: eb34c28f22e8b96e1ab97ce403110664 -> 
  custom:audio-encoder-webm-vorbis: bf7c407c2cedff20999df2af8eb42d56 -> 
  custom:framework-win-MediaFoundation: 216162199b28c13a410421893ffa2e32 -> 
  custom:container-demuxer-ogg: 62fdf1f143b41e24485cea50d1cbac27 -> 
  custom:video-decoder-webm-vp8: 9c59270c3fd7afecdb556c50c9e8de78 -> 
  custom:audio-decoder-ogg-vorbis: bf7c407c2cedff20999df2af8eb42d56 -> 
========================================================================
Received Import Request.
  Time since last request: 7.954240 seconds.
  path: Assets/02.Scripts/Player.cs
  artifactKey: Guid(a38e42c546db6884a90cd9c79b5e0e4a) Importer(815301076,1909f56bfc062723c751e8b465ee728b)
Start importing Assets/02.Scripts/Player.cs using Guid(a38e42c546db6884a90cd9c79b5e0e4a) Importer(815301076,1909f56bfc062723c751e8b465ee728b)  -> (artifact id: 'ddd84e682dfbe9b52df24237eaee1422') in 0.004101 seconds 
========================================================================
Received Prepare
Registering precompiled user dll's ...
Registered in 0.002894 seconds.
Begin MonoManager ReloadAssembly
Native extension for WindowsStandalone target not found
Native extension for Android target not found
Refreshing native plugins compatible for Editor in 0.35 ms, found 2 plugins.
Preloading 0 native plugins for Editor in 0.00 ms.
Mono: successfully reloaded assembly
- Completed reload, in  0.847 seconds
Domain Reload Profiling:
	ReloadAssembly (848ms)
		BeginReloadAssembly (114ms)
			ExecutionOrderSort (0ms)
			DisableScriptedObjects (6ms)
			BackupInstance (0ms)
			ReleaseScriptingObjects (0ms)
			CreateAndSetChildDomain (25ms)
		EndReloadAssembly (629ms)
			LoadAssemblies (73ms)
			RebuildTransferFunctionScriptingTraits (0ms)
			SetupTypeCache (183ms)
			ReleaseScriptCaches (1ms)
			RebuildScriptCaches (45ms)
			SetupLoadedEditorAssemblies (294ms)
				LogAssemblyErrors (0ms)
				InitializePlatformSupportModulesInManaged (23ms)
				SetLoadedEditorAssemblies (0ms)
				RefreshPlugins (0ms)
				BeforeProcessingInitializeOnLoad (53ms)
				ProcessInitializeOnLoadAttributes (186ms)
				ProcessInitializeOnLoadMethodAttributes (25ms)
				AfterProcessingInitializeOnLoad (6ms)
				EditorAssembliesLoaded (0ms)
			ExecutionOrderSort2 (0ms)
			AwakeInstancesAfterBackupRestoration (5ms)
Platform modules already initialized, skipping
Refreshing native plugins compatible for Editor in 1.08 ms, found 2 plugins.
Preloading 0 native plugins for Editor in 0.00 ms.
Unloading 1729 Unused Serialized files (Serialized files now loaded: 0)
Unloading 12 unused Assets / (31.7 KB). Loaded Objects now: 2246.
Memory consumption went from 97.8 MB to 97.8 MB.
Total: 2.266700 ms (FindLiveObjects: 0.134000 ms CreateObjectMapping: 0.065700 ms MarkObjects: 2.049900 ms  DeleteObjects: 0.016400 ms)

AssetImportParameters requested are different than current active one (requested -> active):
  custom:video-decoder-ogg-theora: a1e56fd34408186e4bbccfd4996cb3dc -> 
  custom:container-muxer-webm: aa71ff27fc2769a1b78a27578f13a17b -> 
  custom:container-demuxer-webm: 4f35f7cbe854078d1ac9338744f61a02 -> 
  custom:video-encoder-webm-vp8: eb34c28f22e8b96e1ab97ce403110664 -> 
  custom:audio-encoder-webm-vorbis: bf7c407c2cedff20999df2af8eb42d56 -> 
  custom:framework-win-MediaFoundation: 216162199b28c13a410421893ffa2e32 -> 
  custom:container-demuxer-ogg: 62fdf1f143b41e24485cea50d1cbac27 -> 
  custom:video-decoder-webm-vp8: 9c59270c3fd7afecdb556c50c9e8de78 -> 
  custom:audio-decoder-ogg-vorbis: bf7c407c2cedff20999df2af8eb42d56 -> 
========================================================================
Received Import Request.
  Time since last request: 3.929218 seconds.
  path: Assets/02.Scripts/Player.cs
  artifactKey: Guid(a38e42c546db6884a90cd9c79b5e0e4a) Importer(815301076,1909f56bfc062723c751e8b465ee728b)
Start importing Assets/02.Scripts/Player.cs using Guid(a38e42c546db6884a90cd9c79b5e0e4a) Importer(815301076,1909f56bfc062723c751e8b465ee728b)  -> (artifact id: '092a235b2d9c4eb94574d97ed6a664ac') in 0.005726 seconds 
========================================================================
Received Prepare
Registering precompiled user dll's ...
Registered in 0.002448 seconds.
Begin MonoManager ReloadAssembly
Native extension for WindowsStandalone target not found
Native extension for Android target not found
Refreshing native plugins compatible for Editor in 0.42 ms, found 2 plugins.
Preloading 0 native plugins for Editor in 0.00 ms.
Mono: successfully reloaded assembly
- Completed reload, in  0.848 seconds
Domain Reload Profiling:
	ReloadAssembly (849ms)
		BeginReloadAssembly (106ms)
			ExecutionOrderSort (0ms)
			DisableScriptedObjects (5ms)
			BackupInstance (0ms)
			ReleaseScriptingObjects (0ms)
			CreateAndSetChildDomain (26ms)
		EndReloadAssembly (645ms)
			LoadAssemblies (63ms)
			RebuildTransferFunctionScriptingTraits (0ms)
			SetupTypeCache (193ms)
			ReleaseScriptCaches (1ms)
			RebuildScriptCaches (42ms)
			SetupLoadedEditorAssemblies (300ms)
				LogAssemblyErrors (0ms)
				InitializePlatformSupportModulesInManaged (24ms)
				SetLoadedEditorAssemblies (0ms)
				RefreshPlugins (0ms)
				BeforeProcessingInitializeOnLoad (61ms)
				ProcessInitializeOnLoadAttributes (182ms)
				ProcessInitializeOnLoadMethodAttributes (25ms)
				AfterProcessingInitializeOnLoad (7ms)
				EditorAssembliesLoaded (0ms)
			ExecutionOrderSort2 (0ms)
			AwakeInstancesAfterBackupRestoration (5ms)
Platform modules already initialized, skipping
Refreshing native plugins compatible for Editor in 1.06 ms, found 2 plugins.
Preloading 0 native plugins for Editor in 0.00 ms.
Unloading 1729 Unused Serialized files (Serialized files now loaded: 0)
Unloading 12 unused Assets / (31.7 KB). Loaded Objects now: 2249.
Memory consumption went from 97.8 MB to 97.8 MB.
Total: 2.149900 ms (FindLiveObjects: 0.131300 ms CreateObjectMapping: 0.059800 ms MarkObjects: 1.941900 ms  DeleteObjects: 0.016200 ms)

AssetImportParameters requested are different than current active one (requested -> active):
  custom:video-decoder-ogg-theora: a1e56fd34408186e4bbccfd4996cb3dc -> 
  custom:container-muxer-webm: aa71ff27fc2769a1b78a27578f13a17b -> 
  custom:container-demuxer-webm: 4f35f7cbe854078d1ac9338744f61a02 -> 
  custom:video-encoder-webm-vp8: eb34c28f22e8b96e1ab97ce403110664 -> 
  custom:audio-encoder-webm-vorbis: bf7c407c2cedff20999df2af8eb42d56 -> 
  custom:framework-win-MediaFoundation: 216162199b28c13a410421893ffa2e32 -> 
  custom:container-demuxer-ogg: 62fdf1f143b41e24485cea50d1cbac27 -> 
  custom:video-decoder-webm-vp8: 9c59270c3fd7afecdb556c50c9e8de78 -> 
  custom:audio-decoder-ogg-vorbis: bf7c407c2cedff20999df2af8eb42d56 -> 
========================================================================
Received Import Request.
  Time since last request: 10.383002 seconds.
  path: Assets/02.Scripts/Player.cs
  artifactKey: Guid(a38e42c546db6884a90cd9c79b5e0e4a) Importer(815301076,1909f56bfc062723c751e8b465ee728b)
Start importing Assets/02.Scripts/Player.cs using Guid(a38e42c546db6884a90cd9c79b5e0e4a) Importer(815301076,1909f56bfc062723c751e8b465ee728b)  -> (artifact id: '9ce77d33b830c0483488748dfa30f18a') in 0.003991 seconds 
========================================================================
Received Prepare
Registering precompiled user dll's ...
Registered in 0.002981 seconds.
Begin MonoManager ReloadAssembly
Native extension for WindowsStandalone target not found
Native extension for Android target not found
Refreshing native plugins compatible for Editor in 0.61 ms, found 2 plugins.
Preloading 0 native plugins for Editor in 0.00 ms.
Mono: successfully reloaded assembly
- Completed reload, in  0.845 seconds
Domain Reload Profiling:
	ReloadAssembly (845ms)
		BeginReloadAssembly (109ms)
			ExecutionOrderSort (0ms)
			DisableScriptedObjects (5ms)
			BackupInstance (0ms)
			ReleaseScriptingObjects (0ms)
			CreateAndSetChildDomain (30ms)
		EndReloadAssembly (644ms)
			LoadAssemblies (61ms)
			RebuildTransferFunctionScriptingTraits (0ms)
			SetupTypeCache (178ms)
			ReleaseScriptCaches (1ms)
			RebuildScriptCaches (47ms)
			SetupLoadedEditorAssemblies (308ms)
				LogAssemblyErrors (0ms)
				InitializePlatformSupportModulesInManaged (26ms)
				SetLoadedEditorAssemblies (1ms)
				RefreshPlugins (1ms)
				BeforeProcessingInitializeOnLoad (63ms)
				ProcessInitializeOnLoadAttributes (184ms)
				ProcessInitializeOnLoadMethodAttributes (27ms)
				AfterProcessingInitializeOnLoad (6ms)
				EditorAssembliesLoaded (0ms)
			ExecutionOrderSort2 (0ms)
			AwakeInstancesAfterBackupRestoration (5ms)
Platform modules already initialized, skipping
Refreshing native plugins compatible for Editor in 1.33 ms, found 2 plugins.
Preloading 0 native plugins for Editor in 0.00 ms.
Unloading 1729 Unused Serialized files (Serialized files now loaded: 0)
Unloading 12 unused Assets / (31.7 KB). Loaded Objects now: 2252.
Memory consumption went from 97.8 MB to 97.8 MB.
Total: 2.282400 ms (FindLiveObjects: 0.218000 ms CreateObjectMapping: 0.076600 ms MarkObjects: 1.971600 ms  DeleteObjects: 0.015600 ms)

AssetImportParameters requested are different than current active one (requested -> active):
  custom:video-decoder-ogg-theora: a1e56fd34408186e4bbccfd4996cb3dc -> 
  custom:container-muxer-webm: aa71ff27fc2769a1b78a27578f13a17b -> 
  custom:container-demuxer-webm: 4f35f7cbe854078d1ac9338744f61a02 -> 
  custom:video-encoder-webm-vp8: eb34c28f22e8b96e1ab97ce403110664 -> 
  custom:audio-encoder-webm-vorbis: bf7c407c2cedff20999df2af8eb42d56 -> 
  custom:framework-win-MediaFoundation: 216162199b28c13a410421893ffa2e32 -> 
  custom:container-demuxer-ogg: 62fdf1f143b41e24485cea50d1cbac27 -> 
  custom:video-decoder-webm-vp8: 9c59270c3fd7afecdb556c50c9e8de78 -> 
  custom:audio-decoder-ogg-vorbis: bf7c407c2cedff20999df2af8eb42d56 -> 
========================================================================
Received Import Request.
  Time since last request: 14.728603 seconds.
  path: Assets/02.Scripts/Player.cs
  artifactKey: Guid(a38e42c546db6884a90cd9c79b5e0e4a) Importer(815301076,1909f56bfc062723c751e8b465ee728b)
Start importing Assets/02.Scripts/Player.cs using Guid(a38e42c546db6884a90cd9c79b5e0e4a) Importer(815301076,1909f56bfc062723c751e8b465ee728b)  -> (artifact id: '3d88fbcf1225967d7762c33b0c58f889') in 0.005131 seconds 
========================================================================
Received Prepare
Registering precompiled user dll's ...
Registered in 0.004045 seconds.
Begin MonoManager ReloadAssembly
Native extension for WindowsStandalone target not found
Native extension for Android target not found
Refreshing native plugins compatible for Editor in 0.55 ms, found 2 plugins.
Preloading 0 native plugins for Editor in 0.00 ms.
Mono: successfully reloaded assembly
- Completed reload, in  0.825 seconds
Domain Reload Profiling:
	ReloadAssembly (826ms)
		BeginReloadAssembly (107ms)
			ExecutionOrderSort (0ms)
			DisableScriptedObjects (5ms)
			BackupInstance (0ms)
			ReleaseScriptingObjects (0ms)
			CreateAndSetChildDomain (26ms)
		EndReloadAssembly (627ms)
			LoadAssemblies (64ms)
			RebuildTransferFunctionScriptingTraits (0ms)
			SetupTypeCache (173ms)
			ReleaseScriptCaches (1ms)
			RebuildScriptCaches (44ms)
			SetupLoadedEditorAssemblies (297ms)
				LogAssemblyErrors (0ms)
				InitializePlatformSupportModulesInManaged (26ms)
				SetLoadedEditorAssemblies (0ms)
				RefreshPlugins (1ms)
				BeforeProcessingInitializeOnLoad (60ms)
				ProcessInitializeOnLoadAttributes (176ms)
				ProcessInitializeOnLoadMethodAttributes (27ms)
				AfterProcessingInitializeOnLoad (7ms)
				EditorAssembliesLoaded (0ms)
			ExecutionOrderSort2 (0ms)
			AwakeInstancesAfterBackupRestoration (5ms)
Platform modules already initialized, skipping
Refreshing native plugins compatible for Editor in 1.09 ms, found 2 plugins.
Preloading 0 native plugins for Editor in 0.00 ms.
Unloading 1729 Unused Serialized files (Serialized files now loaded: 0)
Unloading 12 unused Assets / (31.7 KB). Loaded Objects now: 2255.
Memory consumption went from 97.9 MB to 97.8 MB.
Total: 2.195800 ms (FindLiveObjects: 0.137000 ms CreateObjectMapping: 0.066100 ms MarkObjects: 1.975700 ms  DeleteObjects: 0.016200 ms)

AssetImportParameters requested are different than current active one (requested -> active):
  custom:video-decoder-ogg-theora: a1e56fd34408186e4bbccfd4996cb3dc -> 
  custom:container-muxer-webm: aa71ff27fc2769a1b78a27578f13a17b -> 
  custom:container-demuxer-webm: 4f35f7cbe854078d1ac9338744f61a02 -> 
  custom:video-encoder-webm-vp8: eb34c28f22e8b96e1ab97ce403110664 -> 
  custom:audio-encoder-webm-vorbis: bf7c407c2cedff20999df2af8eb42d56 -> 
  custom:framework-win-MediaFoundation: 216162199b28c13a410421893ffa2e32 -> 
  custom:container-demuxer-ogg: 62fdf1f143b41e24485cea50d1cbac27 -> 
  custom:video-decoder-webm-vp8: 9c59270c3fd7afecdb556c50c9e8de78 -> 
  custom:audio-decoder-ogg-vorbis: bf7c407c2cedff20999df2af8eb42d56 -> 
========================================================================
Received Import Request.
  Time since last request: 64.878357 seconds.
  path: Assets/02.Scripts/Player.cs
  artifactKey: Guid(a38e42c546db6884a90cd9c79b5e0e4a) Importer(815301076,1909f56bfc062723c751e8b465ee728b)
Start importing Assets/02.Scripts/Player.cs using Guid(a38e42c546db6884a90cd9c79b5e0e4a) Importer(815301076,1909f56bfc062723c751e8b465ee728b)  -> (artifact id: 'd04a44b4be0fc6b9fcc89a94ef2cb742') in 0.005313 seconds 
========================================================================
Received Prepare
Registering precompiled user dll's ...
Registered in 0.002486 seconds.
Begin MonoManager ReloadAssembly
Native extension for WindowsStandalone target not found
Native extension for Android target not found
Refreshing native plugins compatible for Editor in 0.40 ms, found 2 plugins.
Preloading 0 native plugins for Editor in 0.00 ms.
Mono: successfully reloaded assembly
- Completed reload, in  0.816 seconds
Domain Reload Profiling:
	ReloadAssembly (816ms)
		BeginReloadAssembly (109ms)
			ExecutionOrderSort (0ms)
			DisableScriptedObjects (6ms)
			BackupInstance (0ms)
			ReleaseScriptingObjects (0ms)
			CreateAndSetChildDomain (25ms)
		EndReloadAssembly (616ms)
			LoadAssemblies (66ms)
			RebuildTransferFunctionScriptingTraits (0ms)
			SetupTypeCache (180ms)
			ReleaseScriptCaches (1ms)
			RebuildScriptCaches (41ms)
			SetupLoadedEditorAssemblies (288ms)
				LogAssemblyErrors (0ms)
				InitializePlatformSupportModulesInManaged (24ms)
				SetLoadedEditorAssemblies (1ms)
				RefreshPlugins (0ms)
				BeforeProcessingInitializeOnLoad (54ms)
				ProcessInitializeOnLoadAttributes (176ms)
				ProcessInitializeOnLoadMethodAttributes (25ms)
				AfterProcessingInitializeOnLoad (8ms)
				EditorAssembliesLoaded (0ms)
			ExecutionOrderSort2 (0ms)
			AwakeInstancesAfterBackupRestoration (5ms)
Platform modules already initialized, skipping
Refreshing native plugins compatible for Editor in 1.81 ms, found 2 plugins.
Preloading 0 native plugins for Editor in 0.00 ms.
Unloading 1729 Unused Serialized files (Serialized files now loaded: 0)
Unloading 12 unused Assets / (31.9 KB). Loaded Objects now: 2258.
Memory consumption went from 97.9 MB to 97.8 MB.
Total: 2.312900 ms (FindLiveObjects: 0.134100 ms CreateObjectMapping: 0.055500 ms MarkObjects: 2.106200 ms  DeleteObjects: 0.016300 ms)

AssetImportParameters requested are different than current active one (requested -> active):
  custom:video-decoder-ogg-theora: a1e56fd34408186e4bbccfd4996cb3dc -> 
  custom:container-muxer-webm: aa71ff27fc2769a1b78a27578f13a17b -> 
  custom:container-demuxer-webm: 4f35f7cbe854078d1ac9338744f61a02 -> 
  custom:video-encoder-webm-vp8: eb34c28f22e8b96e1ab97ce403110664 -> 
  custom:audio-encoder-webm-vorbis: bf7c407c2cedff20999df2af8eb42d56 -> 
  custom:framework-win-MediaFoundation: 216162199b28c13a410421893ffa2e32 -> 
  custom:container-demuxer-ogg: 62fdf1f143b41e24485cea50d1cbac27 -> 
  custom:video-decoder-webm-vp8: 9c59270c3fd7afecdb556c50c9e8de78 -> 
  custom:audio-decoder-ogg-vorbis: bf7c407c2cedff20999df2af8eb42d56 -> 
========================================================================
Received Import Request.
  Time since last request: 7.858586 seconds.
  path: Assets/02.Scripts/Player.cs
  artifactKey: Guid(a38e42c546db6884a90cd9c79b5e0e4a) Importer(815301076,1909f56bfc062723c751e8b465ee728b)
Start importing Assets/02.Scripts/Player.cs using Guid(a38e42c546db6884a90cd9c79b5e0e4a) Importer(815301076,1909f56bfc062723c751e8b465ee728b)  -> (artifact id: '78b8c9c7290020c6bd52ce4ab95a1780') in 0.004168 seconds 
========================================================================
Received Prepare
Registering precompiled user dll's ...
Registered in 0.002956 seconds.
Begin MonoManager ReloadAssembly
Native extension for WindowsStandalone target not found
Native extension for Android target not found
Refreshing native plugins compatible for Editor in 0.38 ms, found 2 plugins.
Preloading 0 native plugins for Editor in 0.00 ms.
Mono: successfully reloaded assembly
- Completed reload, in  0.820 seconds
Domain Reload Profiling:
	ReloadAssembly (821ms)
		BeginReloadAssembly (109ms)
			ExecutionOrderSort (0ms)
			DisableScriptedObjects (6ms)
			BackupInstance (0ms)
			ReleaseScriptingObjects (0ms)
			CreateAndSetChildDomain (25ms)
		EndReloadAssembly (616ms)
			LoadAssemblies (64ms)
			RebuildTransferFunctionScriptingTraits (0ms)
			SetupTypeCache (173ms)
			ReleaseScriptCaches (1ms)
			RebuildScriptCaches (45ms)
			SetupLoadedEditorAssemblies (288ms)
				LogAssemblyErrors (0ms)
				InitializePlatformSupportModulesInManaged (25ms)
				SetLoadedEditorAssemblies (1ms)
				RefreshPlugins (0ms)
				BeforeProcessingInitializeOnLoad (55ms)
				ProcessInitializeOnLoadAttributes (175ms)
				ProcessInitializeOnLoadMethodAttributes (25ms)
				AfterProcessingInitializeOnLoad (7ms)
				EditorAssembliesLoaded (0ms)
			ExecutionOrderSort2 (0ms)
			AwakeInstancesAfterBackupRestoration (6ms)
Platform modules already initialized, skipping
Refreshing native plugins compatible for Editor in 1.15 ms, found 2 plugins.
Preloading 0 native plugins for Editor in 0.00 ms.
Unloading 1729 Unused Serialized files (Serialized files now loaded: 0)
Unloading 12 unused Assets / (31.8 KB). Loaded Objects now: 2261.
Memory consumption went from 97.9 MB to 97.8 MB.
Total: 2.756500 ms (FindLiveObjects: 0.130500 ms CreateObjectMapping: 0.048600 ms MarkObjects: 2.560300 ms  DeleteObjects: 0.016400 ms)

AssetImportParameters requested are different than current active one (requested -> active):
  custom:video-decoder-ogg-theora: a1e56fd34408186e4bbccfd4996cb3dc -> 
  custom:container-muxer-webm: aa71ff27fc2769a1b78a27578f13a17b -> 
  custom:container-demuxer-webm: 4f35f7cbe854078d1ac9338744f61a02 -> 
  custom:video-encoder-webm-vp8: eb34c28f22e8b96e1ab97ce403110664 -> 
  custom:audio-encoder-webm-vorbis: bf7c407c2cedff20999df2af8eb42d56 -> 
  custom:framework-win-MediaFoundation: 216162199b28c13a410421893ffa2e32 -> 
  custom:container-demuxer-ogg: 62fdf1f143b41e24485cea50d1cbac27 -> 
  custom:video-decoder-webm-vp8: 9c59270c3fd7afecdb556c50c9e8de78 -> 
  custom:audio-decoder-ogg-vorbis: bf7c407c2cedff20999df2af8eb42d56 -> 
========================================================================
Received Import Request.
  Time since last request: 6.343080 seconds.
  path: Assets/02.Scripts/Player.cs
  artifactKey: Guid(a38e42c546db6884a90cd9c79b5e0e4a) Importer(815301076,1909f56bfc062723c751e8b465ee728b)
Start importing Assets/02.Scripts/Player.cs using Guid(a38e42c546db6884a90cd9c79b5e0e4a) Importer(815301076,1909f56bfc062723c751e8b465ee728b)  -> (artifact id: 'b62a7dc836c8f5dac2e3b711427b79f8') in 0.004626 seconds 
========================================================================
Received Prepare
Registering precompiled user dll's ...
Registered in 0.003060 seconds.
Begin MonoManager ReloadAssembly
Native extension for WindowsStandalone target not found
Native extension for Android target not found
Refreshing native plugins compatible for Editor in 0.67 ms, found 2 plugins.
Preloading 0 native plugins for Editor in 0.00 ms.
Mono: successfully reloaded assembly
- Completed reload, in  0.829 seconds
Domain Reload Profiling:
	ReloadAssembly (830ms)
		BeginReloadAssembly (108ms)
			ExecutionOrderSort (0ms)
			DisableScriptedObjects (6ms)
			BackupInstance (0ms)
			ReleaseScriptingObjects (0ms)
			CreateAndSetChildDomain (25ms)
		EndReloadAssembly (618ms)
			LoadAssemblies (67ms)
			RebuildTransferFunctionScriptingTraits (0ms)
			SetupTypeCache (184ms)
			ReleaseScriptCaches (1ms)
			RebuildScriptCaches (41ms)
			SetupLoadedEditorAssemblies (286ms)
				LogAssemblyErrors (0ms)
				InitializePlatformSupportModulesInManaged (24ms)
				SetLoadedEditorAssemblies (1ms)
				RefreshPlugins (1ms)
				BeforeProcessingInitializeOnLoad (54ms)
				ProcessInitializeOnLoadAttributes (174ms)
				ProcessInitializeOnLoadMethodAttributes (26ms)
				AfterProcessingInitializeOnLoad (6ms)
				EditorAssembliesLoaded (0ms)
			ExecutionOrderSort2 (0ms)
			AwakeInstancesAfterBackupRestoration (5ms)
Platform modules already initialized, skipping
Refreshing native plugins compatible for Editor in 1.13 ms, found 2 plugins.
Preloading 0 native plugins for Editor in 0.00 ms.
Unloading 1729 Unused Serialized files (Serialized files now loaded: 0)
Unloading 12 unused Assets / (31.9 KB). Loaded Objects now: 2264.
Memory consumption went from 97.9 MB to 97.9 MB.
Total: 2.387600 ms (FindLiveObjects: 0.157900 ms CreateObjectMapping: 0.110700 ms MarkObjects: 2.101800 ms  DeleteObjects: 0.016400 ms)

AssetImportParameters requested are different than current active one (requested -> active):
  custom:video-decoder-ogg-theora: a1e56fd34408186e4bbccfd4996cb3dc -> 
  custom:container-muxer-webm: aa71ff27fc2769a1b78a27578f13a17b -> 
  custom:container-demuxer-webm: 4f35f7cbe854078d1ac9338744f61a02 -> 
  custom:video-encoder-webm-vp8: eb34c28f22e8b96e1ab97ce403110664 -> 
  custom:audio-encoder-webm-vorbis: bf7c407c2cedff20999df2af8eb42d56 -> 
  custom:framework-win-MediaFoundation: 216162199b28c13a410421893ffa2e32 -> 
  custom:container-demuxer-ogg: 62fdf1f143b41e24485cea50d1cbac27 -> 
  custom:video-decoder-webm-vp8: 9c59270c3fd7afecdb556c50c9e8de78 -> 
  custom:audio-decoder-ogg-vorbis: bf7c407c2cedff20999df2af8eb42d56 -> 
